11:34:15.925 [main                     ] DEBUG GameApplication      - Logger initialized
11:34:15.936 [main                     ] DEBUG GameApplication      - Logging settings
Title: Basic Game App
Version: 0.0
Width: 800
Height: 600
Fullscreen: false
Intro: false
Menus: false
Profiling: false
Single step:false
App Mode: DEVELOPER
Menu Key: ESCAPE
Stage Style: DECORATED
Scene Factory: class com.almasb.fxgl.app.SceneFactory
Dialog Factory: class com.almasb.fxgl.ui.FXGLDialogFactory
UI Factory: class com.almasb.fxgl.ui.FXGLUIFactory

11:34:16.320 [JavaFX Application Thread] DEBUG Engine               - Initializing FXGL
11:34:16.320 [JavaFX Application Thread] INFO  Engine               - FXGL-11.7 (05.01.2020 09.37) on MAC (J:12.0.2 FX:12.0.1)
11:34:16.320 [JavaFX Application Thread] INFO  Engine               - Source code and latest versions at: https://github.com/AlmasB/FXGL
11:34:16.321 [JavaFX Application Thread] INFO  Engine               -              Join the FXGL chat at: https://gitter.im/AlmasB/FXGL
11:34:16.321 [JavaFX Application Thread] DEBUG Engine               - Initializing environment variables
11:34:16.322 [JavaFX Application Thread] DEBUG Engine               - Logging environment variables
11:34:16.323 [JavaFX Application Thread] DEBUG Engine               - achievements: []
11:34:16.323 [JavaFX Application Thread] DEBUG Engine               - sceneStack: com.almasb.fxgl.app.Engine@18d54268
11:34:16.323 [JavaFX Application Thread] DEBUG Engine               - language: ObjectProperty [value: ENGLISH]
11:34:16.323 [JavaFX Application Thread] DEBUG Engine               - isCloseConfirmation: false
11:34:16.323 [JavaFX Application Thread] DEBUG Engine               - isProfilingEnabled: false
11:34:16.323 [JavaFX Application Thread] DEBUG Engine               - soundNotification: core/notification.wav
11:34:16.324 [JavaFX Application Thread] DEBUG Engine               - devShowBBoxProperty: BooleanProperty [value: false]
11:34:16.325 [JavaFX Application Thread] DEBUG Engine               - pixelsPerMeter: 50.0
11:34:16.325 [JavaFX Application Thread] DEBUG Engine               - overlayRoot: Group@489b65d
11:34:16.325 [JavaFX Application Thread] DEBUG Engine               - appIcon: fxgl_icon.png
11:34:16.325 [JavaFX Application Thread] DEBUG Engine               - soundMenuBack: menu/back.wav
11:34:16.326 [JavaFX Application Thread] DEBUG Engine               - isFullScreenAllowed: false
11:34:16.326 [JavaFX Application Thread] DEBUG Engine               - isIntroEnabled: false
11:34:16.326 [JavaFX Application Thread] DEBUG Engine               - eventBus: com.almasb.fxgl.event.EventBus@3bef5599
11:34:16.326 [JavaFX Application Thread] DEBUG Engine               - fontMono: lucida_console.ttf
11:34:16.326 [JavaFX Application Thread] DEBUG Engine               - soundMenuSelect: menu/select.wav
11:34:16.326 [JavaFX Application Thread] DEBUG Engine               - isWindows: false
11:34:16.326 [JavaFX Application Thread] DEBUG Engine               - isMobile: false
11:34:16.326 [JavaFX Application Thread] DEBUG Engine               - height: 600
11:34:16.327 [JavaFX Application Thread] DEBUG Engine               - isExperimentalNative: false
11:34:16.327 [JavaFX Application Thread] DEBUG Engine               - isSingleStep: false
11:34:16.327 [JavaFX Application Thread] DEBUG Engine               - cSSList: [fxgl_dark.css]
11:34:16.327 [JavaFX Application Thread] DEBUG Engine               - fontGame: Abel-Regular.ttf
11:34:16.327 [JavaFX Application Thread] DEBUG Engine               - menuKey: ESCAPE
11:34:16.327 [JavaFX Application Thread] DEBUG Engine               - devShowPositionProperty: BooleanProperty [value: false]
11:34:16.327 [JavaFX Application Thread] DEBUG Engine               - versionCheckDays: 7
11:34:16.327 [JavaFX Application Thread] DEBUG Engine               - masterTimer: com.almasb.fxgl.time.Timer@91b868e
11:34:16.327 [JavaFX Application Thread] DEBUG Engine               - configClass: Optional.empty
11:34:16.328 [JavaFX Application Thread] DEBUG Engine               - isFullScreenFromStart: false
11:34:16.328 [JavaFX Application Thread] DEBUG Engine               - version: 0.0
11:34:16.328 [JavaFX Application Thread] DEBUG Engine               - fullScreen: BooleanProperty [value: false]
11:34:16.328 [JavaFX Application Thread] DEBUG Engine               - randomSeed: -1
11:34:16.328 [JavaFX Application Thread] DEBUG Engine               - dialogFactory: com.almasb.fxgl.ui.FXGLDialogFactory@1fe0cb3f
11:34:16.328 [JavaFX Application Thread] DEBUG Engine               - applicationMode: DEVELOPER
11:34:16.328 [JavaFX Application Thread] DEBUG Engine               - isMac: true
11:34:16.328 [JavaFX Application Thread] DEBUG Engine               - urlGoogleForms: https://goo.gl/forms/6wrMnOBxTE1fEpOy2
11:34:16.328 [JavaFX Application Thread] DEBUG Engine               - isMenuEnabled: false
11:34:16.329 [JavaFX Application Thread] DEBUG Engine               - urlPOM: https://raw.githubusercontent.com/AlmasB/FXGL/master/pom.xml
11:34:16.329 [JavaFX Application Thread] DEBUG Engine               - profileName: user.profile
11:34:16.329 [JavaFX Application Thread] DEBUG Engine               - devSensorColorProperty: ObjectProperty [value: 0xffff00ff]
11:34:16.329 [JavaFX Application Thread] DEBUG Engine               - notificationViewClass: class com.almasb.fxgl.notification.view.XboxNotificationView
11:34:16.329 [JavaFX Application Thread] DEBUG Engine               - dataFileExt: .dat
11:34:16.329 [JavaFX Application Thread] DEBUG Engine               - sceneFactory: com.almasb.fxgl.app.SceneFactory@5692adc0
11:34:16.329 [JavaFX Application Thread] DEBUG Engine               - stageStyle: DECORATED
11:34:16.329 [JavaFX Application Thread] DEBUG Engine               - isManualResizeEnabled: false
11:34:16.329 [JavaFX Application Thread] DEBUG Engine               - title: Basic Game App
11:34:16.329 [JavaFX Application Thread] DEBUG Engine               - platform: MAC
11:34:16.330 [JavaFX Application Thread] DEBUG Engine               - devBBoxColorProperty: ObjectProperty [value: 0xff0000ff]
11:34:16.330 [JavaFX Application Thread] DEBUG Engine               - isDesktop: true
11:34:16.330 [JavaFX Application Thread] DEBUG Engine               - globalMusicVolumeProperty: DoubleProperty [value: 0.5]
11:34:16.330 [JavaFX Application Thread] DEBUG Engine               - credits: []
11:34:16.330 [JavaFX Application Thread] DEBUG Engine               - isPreserveResizeRatio: false
11:34:16.330 [JavaFX Application Thread] DEBUG Engine               - uIFactory: com.almasb.fxgl.ui.FXGLUIFactory@17107916
11:34:16.330 [JavaFX Application Thread] DEBUG Engine               - fontText: Courier-Prime.ttf
11:34:16.330 [JavaFX Application Thread] DEBUG Engine               - isExperimentalTiledLargeMap: false
11:34:16.330 [JavaFX Application Thread] DEBUG Engine               - secondsIn24h: 60
11:34:16.330 [JavaFX Application Thread] DEBUG Engine               - runtimeInfo: RuntimeInfo(platform=MAC, version=11.7, build=05.01.2020 09.37)
11:34:16.331 [JavaFX Application Thread] DEBUG Engine               - urlGithub: https://github.com/AlmasB/FXGL
11:34:16.331 [JavaFX Application Thread] DEBUG Engine               - isLinux: false
11:34:16.331 [JavaFX Application Thread] DEBUG Engine               - soundMenuPress: menu/press.wav
11:34:16.331 [JavaFX Application Thread] DEBUG Engine               - profileDir: profiles/
11:34:16.331 [JavaFX Application Thread] DEBUG Engine               - globalSoundVolumeProperty: DoubleProperty [value: 0.5]
11:34:16.331 [JavaFX Application Thread] DEBUG Engine               - isDeveloperMenuEnabled: false
11:34:16.331 [JavaFX Application Thread] DEBUG Engine               - urlLeaderboard: http://fxgl-top.herokuapp.com/
11:34:16.331 [JavaFX Application Thread] DEBUG Engine               - globalSoundVolume: 0.5
11:34:16.331 [JavaFX Application Thread] DEBUG Engine               - isBrowser: false
11:34:16.331 [JavaFX Application Thread] DEBUG Engine               - saveDir: saves/
11:34:16.331 [JavaFX Application Thread] DEBUG Engine               - engineServices: [class com.almasb.fxgl.audio.AudioPlayer, class com.almasb.fxgl.notification.impl.NotificationServiceProvider, class com.almasb.fxgl.achievement.AchievementManager, class com.almasb.fxgl.cutscene.CutsceneService, class com.almasb.fxgl.minigames.MiniGameService]
11:34:16.331 [JavaFX Application Thread] DEBUG Engine               - globalMusicVolume: 0.5
11:34:16.332 [JavaFX Application Thread] DEBUG Engine               - width: 800
11:34:16.332 [JavaFX Application Thread] DEBUG Engine               - saveFileExt: .sav
11:34:16.332 [JavaFX Application Thread] DEBUG Engine               - isAndroid: false
11:34:16.332 [JavaFX Application Thread] DEBUG Engine               - fontUI: VarelaRound-Regular.ttf
11:34:16.332 [JavaFX Application Thread] DEBUG Engine               - isIOS: false
11:34:16.332 [JavaFX Application Thread] DEBUG Engine               - enabledMenuItems: []
11:34:16.333 [JavaFX Application Thread] DEBUG Engine               - Adding new engine service: class com.almasb.fxgl.audio.AudioPlayer
11:34:16.334 [JavaFX Application Thread] DEBUG Engine               - Adding new engine service: class com.almasb.fxgl.notification.impl.NotificationServiceProvider
11:34:16.335 [JavaFX Application Thread] DEBUG Engine               - Adding new engine service: class com.almasb.fxgl.achievement.AchievementManager
11:34:16.335 [JavaFX Application Thread] DEBUG Engine               - Adding new engine service: class com.almasb.fxgl.cutscene.CutsceneService
11:34:16.336 [JavaFX Application Thread] DEBUG Engine               - Adding new engine service: class com.almasb.fxgl.minigames.MiniGameService
11:34:16.338 [JavaFX Application Thread] DEBUG Engine               - Loading localizations
11:34:16.339 [JavaFX Application Thread] DEBUG AssetLoader          - Loading from file system: /assets/properties/languages/english.properties
11:34:16.341 [JavaFX Application Thread] DEBUG AssetLoader          - Loading from file system: /assets/properties/languages/french.properties
11:34:16.343 [JavaFX Application Thread] DEBUG AssetLoader          - Loading from file system: /assets/properties/languages/german.properties
11:34:16.344 [JavaFX Application Thread] DEBUG AssetLoader          - Loading from file system: /assets/properties/languages/russian.properties
11:34:16.345 [JavaFX Application Thread] DEBUG AssetLoader          - Loading from file system: /assets/properties/languages/hungarian.properties
11:34:16.346 [JavaFX Application Thread] DEBUG Engine               - Registering font factories
11:34:16.347 [JavaFX Application Thread] DEBUG AssetLoader          - Loading from file system: /assets/ui/fonts/VarelaRound-Regular.ttf
11:34:16.394 [JavaFX Application Thread] DEBUG AssetLoader          - Loading from file system: /assets/ui/fonts/Abel-Regular.ttf
11:34:16.396 [JavaFX Application Thread] DEBUG AssetLoader          - Loading from file system: /assets/ui/fonts/lucida_console.ttf
11:34:16.399 [JavaFX Application Thread] DEBUG AssetLoader          - Loading from file system: /assets/ui/fonts/Courier-Prime.ttf
11:34:16.401 [JavaFX Application Thread] DEBUG Engine               - Setting UI factory
11:34:16.487 [JavaFX Application Thread] DEBUG AssetLoader          - Loading from file system: /assets/textures/fxgl_logo.png
11:34:16.536 [JavaFX Application Thread] DEBUG MainWindow           - Creating a JavaFX scene
11:34:16.578 [JavaFX Application Thread] DEBUG MainWindow           - Target settings size: 800.0 x 600.0
11:34:16.578 [JavaFX Application Thread] DEBUG MainWindow           - Scaled scene size:    800.0 x 600.0
11:34:16.578 [JavaFX Application Thread] DEBUG MainWindow           - Scaled ratio: (1.0, 1.0)
11:34:16.579 [JavaFX Application Thread] DEBUG MainWindow           - Set initial scene to FXGLStartupScene
11:34:16.584 [JavaFX Application Thread] DEBUG AssetLoader          - Loading from file system: /assets/textures/fxgl_icon.png
11:34:16.594 [JavaFX Application Thread] DEBUG Engine               - Applying CSS: fxgl_dark.css
11:34:16.594 [JavaFX Application Thread] DEBUG AssetLoader          - Loading from file system: /assets/ui/css/fxgl_dark.css
11:34:16.596 [JavaFX Application Thread] DEBUG AssetLoader          - Loading from file system: /assets/ui/cursors/fxgl_default.png
11:34:16.598 [JavaFX Application Thread] DEBUG MainWindow           - Opening main window
11:34:16.724 [JavaFX Application Thread] DEBUG MainWindow           - Window border size: (0.0, 22.0)
11:34:16.724 [JavaFX Application Thread] DEBUG MainWindow           - Scaled size: 800.0 x 600.0
11:34:16.724 [JavaFX Application Thread] DEBUG MainWindow           - Scaled ratio: (1.0, 1.0)
11:34:16.724 [JavaFX Application Thread] DEBUG MainWindow           - Scene size: 800.0 x 600.0
11:34:16.724 [JavaFX Application Thread] DEBUG MainWindow           - Stage size: 800.0 x 622.0
11:34:16.731 [FXGL Background Thread 1 ] DEBUG FS                   - Loaded FSServiceImpl
11:34:16.735 [FXGL Background Thread 1 ] DEBUG Engine               - Loading default FXGL system data
11:34:16.736 [FXGL Background Thread 1 ] DEBUG Engine               - Initializing application scenes
11:34:16.769 [FXGL Background Thread 1 ] DEBUG GameWorld            - Game world initialized
11:34:16.816 [FXGL Background Thread 1 ] DEBUG PhysicsWorld         - Physics world initialized: appHeight=600, physics.ppm=50.0
11:34:16.818 [FXGL Background Thread 1 ] DEBUG GameScene            - Game scene initialized: 800x600
11:34:16.857 [FXGL Background Thread 1 ] DEBUG Input                - Registered new binding: Resume - Esc
11:34:16.857 [FXGL Background Thread 1 ] DEBUG AssetLoader          - Loading from file system: /assets/textures/pause_menu_bg.png
11:34:16.895 [FXGL Background Thread 1 ] DEBUG Input                - Registered new binding: Pause - Esc
11:34:16.895 [FXGL Background Thread 1 ] DEBUG Engine               - Application scenes initialized
11:34:16.950 [JavaFX Application Thread] DEBUG Engine               - Running preInit()
11:34:16.952 [JavaFX Application Thread] DEBUG Input                - Registered new binding: Screenshot - P
11:34:16.952 [JavaFX Application Thread] DEBUG Input                - Registered new binding: System info dump - CTRL+9
11:34:16.952 [JavaFX Application Thread] DEBUG Input                - Registered new binding: Restart - CTRL+R
11:34:16.952 [JavaFX Application Thread] DEBUG Engine               - generateDefaultProfile()
11:34:16.952 [JavaFX Application Thread] DEBUG Engine               - Creating default profile
11:34:16.953 [JavaFX Application Thread] DEBUG EventBus             - Firing event: SaveEvent
11:34:16.964 [JavaFX Application Thread] INFO  Engine               - FXGL initialization took: 0.626 sec
11:34:16.964 [JavaFX Application Thread] DEBUG LoopRunner           - Starting loop
11:34:16.983 [JavaFX Application Thread] DEBUG FXGLStartupScene     - STARTUP
11:34:16.983 [JavaFX Application Thread] DEBUG Engine               - Starting new game
11:34:16.991 [JavaFX Application Thread] DEBUG Input                - Clearing active input actions
11:34:16.991 [FXGL Background Thread 1 ] DEBUG InitAppTask          - Clearing previous game
11:34:16.991 [FXGL Background Thread 1 ] DEBUG GameWorld            - Clearing game world
11:34:16.991 [FXGL Background Thread 1 ] DEBUG PhysicsWorld         - Clearing physics world
11:34:16.991 [FXGL Background Thread 1 ] DEBUG GameScene            - Clearing game scene
11:34:16.992 [FXGL Background Thread 1 ] DEBUG InitAppTask          - Initializing Game
11:34:16.993 [FXGL Background Thread 1 ] DEBUG InitAppTask          - Initializing Physics
11:34:16.993 [FXGL Background Thread 1 ] DEBUG InitAppTask          - Initializing UI
11:34:16.993 [FXGL Background Thread 1 ] DEBUG InitAppTask          - Initialization Complete
11:34:16.993 [FXGL Background Thread 1 ] INFO  InitAppTask          - Game initialization took: 0.002 sec
11:34:17.002 [JavaFX Application Thread] DEBUG Engine               - Removing overlay from FXGLStartupScene and adding to LoadingScene
11:34:17.002 [JavaFX Application Thread] DEBUG MainWindow           - FXGLStartupScene -> LoadingScene
11:34:17.187 [JavaFX Application Thread] DEBUG Input                - Clearing active input actions
11:34:17.193 [JavaFX Application Thread] DEBUG Engine               - Removing overlay from LoadingScene and adding to GameScene
11:34:17.194 [JavaFX Application Thread] DEBUG MainWindow           - LoadingScene -> GameScene
11:34:21.327 [JavaFX Application Thread] DEBUG Engine               - Exiting FXGL
11:34:21.327 [JavaFX Application Thread] DEBUG Engine               - Shutting down background threads
11:34:21.327 [JavaFX Application Thread] DEBUG Engine               - Saving FXGL system data
11:34:21.329 [JavaFX Application Thread] DEBUG FSServiceImpl        - Writing to: /Users/mithorns1/Documents/Personal/Github/RomanConquest/system/fxgl.bundle
11:34:21.334 [JavaFX Application Thread] DEBUG Engine               - Closing logger and exiting JavaFX
